<?xml version="1.0" encoding="UTF-8"?>
<!-- Generated by org.testng.reporters.JUnitReportReporter -->
<testsuite hostname="JEET" failures="0" tests="1" name="package1.SeleniumProject.TestCase1" time="6.490" errors="0" timestamp="2024-07-07T19:57:27 IST" skipped="0">
  <testcase classname="package1.SeleniumProject.TestCase1" name="loginToFB" time="6.490"/>
  <system-out/>
</testsuite> <!-- package1.SeleniumProject.TestCase1 -->
