<?xml version="1.0" encoding="UTF-8"?>
<!-- Generated by org.testng.reporters.JUnitReportReporter -->
<testsuite hostname="JEET" failures="0" tests="1" name="package1.SeleniumProject.TestCase5" time="33.148" errors="0" timestamp="2024-07-07T22:09:36 IST" skipped="0">
  <testcase classname="package1.SeleniumProject.TestCase5" name="login_to_amazon" time="33.148"/>
  <system-out>
    <![CDATA[Test case Ppassed]]>
  </system-out>
</testsuite> <!-- package1.SeleniumProject.TestCase5 -->
